Linux 6.15.1-arch1-2 (LegionArch) 	06/14/25 	_x86_64_	(16 CPU)

avg-cpu:  %user   %nice %system %iowait  %steal   %idle
           5.44    0.01    1.49    0.11    0.00   92.95

Device             tps    kB_read/s    kB_wrtn/s    kB_dscd/s    kB_read    kB_wrtn    kB_dscd
nvme0n1          39.82       425.65       279.50         0.00   56619819   37178341          0


avg-cpu:  %user   %nice %system %iowait  %steal   %idle
           8.05    0.63    2.83    0.13    0.00   88.36

Device             tps    kB_read/s    kB_wrtn/s    kB_dscd/s    kB_read    kB_wrtn    kB_dscd
nvme0n1         417.00         4.00      9952.00         0.00          4       9952          0


avg-cpu:  %user   %nice %system %iowait  %steal   %idle
           8.17    0.06    1.07    0.00    0.00   90.70

Device             tps    kB_read/s    kB_wrtn/s    kB_dscd/s    kB_read    kB_wrtn    kB_dscd
nvme0n1           2.00         0.00       144.00         0.00          0        144          0


avg-cpu:  %user   %nice %system %iowait  %steal   %idle
           8.48    0.00    1.51    0.13    0.00   89.89

Device             tps    kB_read/s    kB_wrtn/s    kB_dscd/s    kB_read    kB_wrtn    kB_dscd
nvme0n1           0.00         0.00         0.00         0.00          0          0          0


avg-cpu:  %user   %nice %system %iowait  %steal   %idle
           8.86    0.31    2.39    0.06    0.00   88.38

Device             tps    kB_read/s    kB_wrtn/s    kB_dscd/s    kB_read    kB_wrtn    kB_dscd
nvme0n1          25.00         0.00       112.00         0.00          0        112          0


avg-cpu:  %user   %nice %system %iowait  %steal   %idle
           8.50    0.13    1.32    0.06    0.00   89.99

Device             tps    kB_read/s    kB_wrtn/s    kB_dscd/s    kB_read    kB_wrtn    kB_dscd
nvme0n1          24.00         0.00       444.00         0.00          0        444          0


avg-cpu:  %user   %nice %system %iowait  %steal   %idle
           8.23    0.00    0.94    0.00    0.00   90.83

Device             tps    kB_read/s    kB_wrtn/s    kB_dscd/s    kB_read    kB_wrtn    kB_dscd
nvme0n1           0.00         0.00         0.00         0.00          0          0          0


avg-cpu:  %user   %nice %system %iowait  %steal   %idle
           8.36    0.00    1.32    0.13    0.00   90.19

Device             tps    kB_read/s    kB_wrtn/s    kB_dscd/s    kB_read    kB_wrtn    kB_dscd
nvme0n1           2.00         0.00        64.00         0.00          0         64          0


avg-cpu:  %user   %nice %system %iowait  %steal   %idle
           9.18    0.00    1.70    0.19    0.00   88.93

Device             tps    kB_read/s    kB_wrtn/s    kB_dscd/s    kB_read    kB_wrtn    kB_dscd
nvme0n1           0.00         0.00         0.00         0.00          0          0          0


avg-cpu:  %user   %nice %system %iowait  %steal   %idle
           8.09    0.00    1.07    0.00    0.00   90.84

Device             tps    kB_read/s    kB_wrtn/s    kB_dscd/s    kB_read    kB_wrtn    kB_dscd
nvme0n1           0.00         0.00         0.00         0.00          0          0          0


avg-cpu:  %user   %nice %system %iowait  %steal   %idle
           8.10    0.00    0.94    0.00    0.00   90.95

Device             tps    kB_read/s    kB_wrtn/s    kB_dscd/s    kB_read    kB_wrtn    kB_dscd
nvme0n1           0.00         0.00         0.00         0.00          0          0          0


avg-cpu:  %user   %nice %system %iowait  %steal   %idle
           9.18    0.00    1.07    0.00    0.00   89.75

Device             tps    kB_read/s    kB_wrtn/s    kB_dscd/s    kB_read    kB_wrtn    kB_dscd
nvme0n1          39.00         0.00       156.00         0.00          0        156          0


avg-cpu:  %user   %nice %system %iowait  %steal   %idle
           8.67    0.00    1.45    0.19    0.00   89.69

Device             tps    kB_read/s    kB_wrtn/s    kB_dscd/s    kB_read    kB_wrtn    kB_dscd
nvme0n1          86.00         0.00       388.00         0.00          0        388          0


avg-cpu:  %user   %nice %system %iowait  %steal   %idle
           8.61    0.06    1.89    0.06    0.00   89.38

Device             tps    kB_read/s    kB_wrtn/s    kB_dscd/s    kB_read    kB_wrtn    kB_dscd
nvme0n1           0.00         0.00         0.00         0.00          0          0          0

