Linux 6.15.1-arch1-2 (LegionArch) 	06/13/25 	_x86_64_	(16 CPU)

avg-cpu:  %user   %nice %system %iowait  %steal   %idle
           2.59    0.01    1.40    0.10    0.00   95.91

Device             tps    kB_read/s    kB_wrtn/s    kB_dscd/s    kB_read    kB_wrtn    kB_dscd
nvme0n1          19.26       458.44       358.16         0.00   31557183   24654229          0


avg-cpu:  %user   %nice %system %iowait  %steal   %idle
           8.92    0.82    3.10    0.19    0.00   86.97

Device             tps    kB_read/s    kB_wrtn/s    kB_dscd/s    kB_read    kB_wrtn    kB_dscd
nvme0n1        1074.00      2244.00     15248.00         0.00       2244      15248          0


avg-cpu:  %user   %nice %system %iowait  %steal   %idle
          13.93    0.00    2.56    0.26    0.00   83.26

Device             tps    kB_read/s    kB_wrtn/s    kB_dscd/s    kB_read    kB_wrtn    kB_dscd
nvme0n1          19.00        76.00       128.00         0.00         76        128          0


avg-cpu:  %user   %nice %system %iowait  %steal   %idle
          11.08    0.00    1.52    0.19    0.00   87.22

Device             tps    kB_read/s    kB_wrtn/s    kB_dscd/s    kB_read    kB_wrtn    kB_dscd
nvme0n1         112.00       124.00       352.00         0.00        124        352          0


avg-cpu:  %user   %nice %system %iowait  %steal   %idle
           8.75    0.31    2.77    0.13    0.00   88.04

Device             tps    kB_read/s    kB_wrtn/s    kB_dscd/s    kB_read    kB_wrtn    kB_dscd
nvme0n1          46.00         8.00       232.00         0.00          8        232          0


avg-cpu:  %user   %nice %system %iowait  %steal   %idle
           8.99    3.86    3.23    0.63    0.00   83.28

Device             tps    kB_read/s    kB_wrtn/s    kB_dscd/s    kB_read    kB_wrtn    kB_dscd
nvme0n1        1440.00     37064.00         0.00         0.00      37064          0          0


avg-cpu:  %user   %nice %system %iowait  %steal   %idle
           9.36    2.15    3.92    0.95    0.00   83.62

Device             tps    kB_read/s    kB_wrtn/s    kB_dscd/s    kB_read    kB_wrtn    kB_dscd
nvme0n1       14573.00     64980.00    108792.00         0.00      64980     108792          0


avg-cpu:  %user   %nice %system %iowait  %steal   %idle
           8.70    0.00    1.32    0.13    0.00   89.86

Device             tps    kB_read/s    kB_wrtn/s    kB_dscd/s    kB_read    kB_wrtn    kB_dscd
nvme0n1           3.00         0.00       188.00         0.00          0        188          0


avg-cpu:  %user   %nice %system %iowait  %steal   %idle
           8.05    0.00    0.94    0.00    0.00   91.01

Device             tps    kB_read/s    kB_wrtn/s    kB_dscd/s    kB_read    kB_wrtn    kB_dscd
nvme0n1           0.00         0.00         0.00         0.00          0          0          0


avg-cpu:  %user   %nice %system %iowait  %steal   %idle
           8.82    0.00    1.39    0.00    0.00   89.79

Device             tps    kB_read/s    kB_wrtn/s    kB_dscd/s    kB_read    kB_wrtn    kB_dscd
nvme0n1           0.00         0.00         0.00         0.00          0          0          0


avg-cpu:  %user   %nice %system %iowait  %steal   %idle
           8.76    0.00    1.51    0.19    0.00   89.54

Device             tps    kB_read/s    kB_wrtn/s    kB_dscd/s    kB_read    kB_wrtn    kB_dscd
nvme0n1           0.00         0.00         0.00         0.00          0          0          0


avg-cpu:  %user   %nice %system %iowait  %steal   %idle
           8.71    0.00    1.32    0.00    0.00   89.97

Device             tps    kB_read/s    kB_wrtn/s    kB_dscd/s    kB_read    kB_wrtn    kB_dscd
nvme0n1           0.00         0.00         0.00         0.00          0          0          0


avg-cpu:  %user   %nice %system %iowait  %steal   %idle
           8.83    0.00    1.32    0.44    0.00   89.40

Device             tps    kB_read/s    kB_wrtn/s    kB_dscd/s    kB_read    kB_wrtn    kB_dscd
nvme0n1           2.00         8.00         0.00         0.00          8          0          0


avg-cpu:  %user   %nice %system %iowait  %steal   %idle
          10.18    0.00    1.59    0.25    0.00   87.97

Device             tps    kB_read/s    kB_wrtn/s    kB_dscd/s    kB_read    kB_wrtn    kB_dscd
nvme0n1           2.00         0.00        24.00         0.00          0         24          0


avg-cpu:  %user   %nice %system %iowait  %steal   %idle
           8.90    0.95    2.08    0.06    0.00   88.01

Device             tps    kB_read/s    kB_wrtn/s    kB_dscd/s    kB_read    kB_wrtn    kB_dscd
nvme0n1           6.00        36.00        12.00         0.00         36         12          0


avg-cpu:  %user   %nice %system %iowait  %steal   %idle
           8.83    0.00    1.70    0.06    0.00   89.40

Device             tps    kB_read/s    kB_wrtn/s    kB_dscd/s    kB_read    kB_wrtn    kB_dscd
nvme0n1           6.00         0.00       132.00         0.00          0        132          0


avg-cpu:  %user   %nice %system %iowait  %steal   %idle
           8.21    0.00    1.14    0.00    0.00   90.66

Device             tps    kB_read/s    kB_wrtn/s    kB_dscd/s    kB_read    kB_wrtn    kB_dscd
nvme0n1           0.00         0.00         0.00         0.00          0          0          0


avg-cpu:  %user   %nice %system %iowait  %steal   %idle
           9.72    0.00    1.51    0.32    0.00   88.45

Device             tps    kB_read/s    kB_wrtn/s    kB_dscd/s    kB_read    kB_wrtn    kB_dscd
nvme0n1           7.00        28.00         0.00         0.00         28          0          0


avg-cpu:  %user   %nice %system %iowait  %steal   %idle
          10.49    1.64    5.75    0.51    0.00   81.61

Device             tps    kB_read/s    kB_wrtn/s    kB_dscd/s    kB_read    kB_wrtn    kB_dscd
nvme0n1         763.00     11608.00         0.00         0.00      11608          0          0


avg-cpu:  %user   %nice %system %iowait  %steal   %idle
           9.63    1.65    5.51    0.38    0.00   82.84

Device             tps    kB_read/s    kB_wrtn/s    kB_dscd/s    kB_read    kB_wrtn    kB_dscd
nvme0n1        1044.00     11360.00       528.00         0.00      11360        528          0


avg-cpu:  %user   %nice %system %iowait  %steal   %idle
           9.77    2.02    6.74    0.13    0.00   81.35

Device             tps    kB_read/s    kB_wrtn/s    kB_dscd/s    kB_read    kB_wrtn    kB_dscd
nvme0n1         478.00      2828.00      1912.00         0.00       2828       1912          0


avg-cpu:  %user   %nice %system %iowait  %steal   %idle
           9.18    3.04    7.41    0.25    0.00   80.13

Device             tps    kB_read/s    kB_wrtn/s    kB_dscd/s    kB_read    kB_wrtn    kB_dscd
nvme0n1         145.00      1348.00         0.00         0.00       1348          0          0


avg-cpu:  %user   %nice %system %iowait  %steal   %idle
          11.80    0.82    8.20    0.57    0.00   78.61

Device             tps    kB_read/s    kB_wrtn/s    kB_dscd/s    kB_read    kB_wrtn    kB_dscd
nvme0n1        3313.00     26780.00       180.00         0.00      26780        180          0


avg-cpu:  %user   %nice %system %iowait  %steal   %idle
          13.27    0.00    9.99    0.95    0.00   75.79

Device             tps    kB_read/s    kB_wrtn/s    kB_dscd/s    kB_read    kB_wrtn    kB_dscd
nvme0n1        3843.00     24924.00         0.00         0.00      24924          0          0


avg-cpu:  %user   %nice %system %iowait  %steal   %idle
          15.27    0.00   19.20    0.51    0.00   65.02

Device             tps    kB_read/s    kB_wrtn/s    kB_dscd/s    kB_read    kB_wrtn    kB_dscd
nvme0n1         591.00      2936.00         0.00         0.00       2936          0          0


avg-cpu:  %user   %nice %system %iowait  %steal   %idle
          14.84    0.00   15.67    1.02    0.00   68.47

Device             tps    kB_read/s    kB_wrtn/s    kB_dscd/s    kB_read    kB_wrtn    kB_dscd
nvme0n1        2782.00     15596.00       204.00         0.00      15596        204          0


avg-cpu:  %user   %nice %system %iowait  %steal   %idle
          18.38    0.00   20.80    0.26    0.00   60.56

Device             tps    kB_read/s    kB_wrtn/s    kB_dscd/s    kB_read    kB_wrtn    kB_dscd
nvme0n1         477.00      3100.00         0.00         0.00       3100          0          0


avg-cpu:  %user   %nice %system %iowait  %steal   %idle
          18.39    0.06   22.83    0.25    0.00   58.47

Device             tps    kB_read/s    kB_wrtn/s    kB_dscd/s    kB_read    kB_wrtn    kB_dscd
nvme0n1         267.00       748.00      8688.00         0.00        748       8688          0


avg-cpu:  %user   %nice %system %iowait  %steal   %idle
          11.60    0.57   30.66    0.13    0.00   57.04

Device             tps    kB_read/s    kB_wrtn/s    kB_dscd/s    kB_read    kB_wrtn    kB_dscd
nvme0n1         661.39      5603.96       142.57         0.00       5660        144          0

